<?xml version="1.0" encoding="UTF-8"?>
<testsuite xmlns:xsi="http://www.w3.org/2001/XMLSchema-instance" xsi:noNamespaceSchemaLocation="https://maven.apache.org/surefire/maven-surefire-plugin/xsd/surefire-test-report-3.0.xsd" version="3.0" name="com.asu.adpaterLearning.defaultComponentComponentTest" time="1.408" tests="1" errors="0" skipped="0" failures="0">
  <properties>
    <property name="java.specification.version" value="17"/>
    <property name="sun.jnu.encoding" value="UTF-8"/>
    <property name="java.class.path" value="/Users/asutoshmaharana/IdeaProjects/com.asu.defaultAdapter/target/test-classes:/Users/asutoshmaharana/IdeaProjects/com.asu.defaultAdapter/target/classes:/Users/asutoshmaharana/.m2/repository/com/sap/cloud/adk/com.sap.cloud.adk.build.archive/1.38.0/com.sap.cloud.adk.build.archive-1.38.0.jar:/Users/asutoshmaharana/.m2/repository/org/apache/maven/maven-plugin-api/2.0/maven-plugin-api-2.0.jar:/Users/asutoshmaharana/.m2/repository/org/apache/aries/subsystem/org.apache.aries.subsystem.api/1.1.0/org.apache.aries.subsystem.api-1.1.0.jar:/Users/asutoshmaharana/.m2/repository/org/apache/aries/org.apache.aries.util/1.1.0/org.apache.aries.util-1.1.0.jar:/Users/asutoshmaharana/.m2/repository/org/ow2/asm/asm/6.2.1/asm-6.2.1.jar:/Users/asutoshmaharana/.m2/repository/commons-io/commons-io/2.6/commons-io-2.6.jar:/Users/asutoshmaharana/.m2/repository/org/apache/commons/commons-lang3/3.1/commons-lang3-3.1.jar:/Users/asutoshmaharana/.m2/repository/org/apache/camel/camel-core/2.24.2/camel-core-2.24.2.jar:/Users/asutoshmaharana/.m2/repository/com/sun/xml/bind/jaxb-core/2.3.0/jaxb-core-2.3.0.jar:/Users/asutoshmaharana/.m2/repository/com/sun/xml/bind/jaxb-impl/2.3.0/jaxb-impl-2.3.0.jar:/Users/asutoshmaharana/.m2/repository/org/apache/camel/camel-test/2.24.2/camel-test-2.24.2.jar:/Users/asutoshmaharana/.m2/repository/junit/junit/4.12/junit-4.12.jar:/Users/asutoshmaharana/.m2/repository/org/hamcrest/hamcrest-core/1.3/hamcrest-core-1.3.jar:/Users/asutoshmaharana/.m2/repository/org/slf4j/slf4j-api/1.6.1/slf4j-api-1.6.1.jar:/Users/asutoshmaharana/.m2/repository/org/slf4j/slf4j-log4j12/1.6.1/slf4j-log4j12-1.6.1.jar:/Users/asutoshmaharana/.m2/repository/log4j/log4j/1.2.16/log4j-1.2.16.jar:"/>
    <property name="java.vm.vendor" value="Oracle Corporation"/>
    <property name="sun.arch.data.model" value="64"/>
    <property name="java.vendor.url" value="https://java.oracle.com/"/>
    <property name="os.name" value="Mac OS X"/>
    <property name="java.vm.specification.version" value="17"/>
    <property name="sun.java.launcher" value="SUN_STANDARD"/>
    <property name="user.country" value="IN"/>
    <property name="sun.boot.library.path" value="/Library/Java/JavaVirtualMachines/jdk-17.0.2.jdk/Contents/Home/lib"/>
    <property name="sun.java.command" value="/Users/asutoshmaharana/IdeaProjects/com.asu.defaultAdapter/target/surefire/surefirebooter3889979013154955289.jar /Users/asutoshmaharana/IdeaProjects/com.asu.defaultAdapter/target/surefire 2022-05-01T15-59-36_563-jvmRun1 surefire1113757928579049952tmp surefire_015464536817651608513tmp"/>
    <property name="http.nonProxyHosts" value="local|*.local|169.254/16|*.169.254/16"/>
    <property name="jdk.debug" value="release"/>
    <property name="surefire.test.class.path" value="/Users/asutoshmaharana/IdeaProjects/com.asu.defaultAdapter/target/test-classes:/Users/asutoshmaharana/IdeaProjects/com.asu.defaultAdapter/target/classes:/Users/asutoshmaharana/.m2/repository/com/sap/cloud/adk/com.sap.cloud.adk.build.archive/1.38.0/com.sap.cloud.adk.build.archive-1.38.0.jar:/Users/asutoshmaharana/.m2/repository/org/apache/maven/maven-plugin-api/2.0/maven-plugin-api-2.0.jar:/Users/asutoshmaharana/.m2/repository/org/apache/aries/subsystem/org.apache.aries.subsystem.api/1.1.0/org.apache.aries.subsystem.api-1.1.0.jar:/Users/asutoshmaharana/.m2/repository/org/apache/aries/org.apache.aries.util/1.1.0/org.apache.aries.util-1.1.0.jar:/Users/asutoshmaharana/.m2/repository/org/ow2/asm/asm/6.2.1/asm-6.2.1.jar:/Users/asutoshmaharana/.m2/repository/commons-io/commons-io/2.6/commons-io-2.6.jar:/Users/asutoshmaharana/.m2/repository/org/apache/commons/commons-lang3/3.1/commons-lang3-3.1.jar:/Users/asutoshmaharana/.m2/repository/org/apache/camel/camel-core/2.24.2/camel-core-2.24.2.jar:/Users/asutoshmaharana/.m2/repository/com/sun/xml/bind/jaxb-core/2.3.0/jaxb-core-2.3.0.jar:/Users/asutoshmaharana/.m2/repository/com/sun/xml/bind/jaxb-impl/2.3.0/jaxb-impl-2.3.0.jar:/Users/asutoshmaharana/.m2/repository/org/apache/camel/camel-test/2.24.2/camel-test-2.24.2.jar:/Users/asutoshmaharana/.m2/repository/junit/junit/4.12/junit-4.12.jar:/Users/asutoshmaharana/.m2/repository/org/hamcrest/hamcrest-core/1.3/hamcrest-core-1.3.jar:/Users/asutoshmaharana/.m2/repository/org/slf4j/slf4j-api/1.6.1/slf4j-api-1.6.1.jar:/Users/asutoshmaharana/.m2/repository/org/slf4j/slf4j-log4j12/1.6.1/slf4j-log4j12-1.6.1.jar:/Users/asutoshmaharana/.m2/repository/log4j/log4j/1.2.16/log4j-1.2.16.jar:"/>
    <property name="sun.cpu.endian" value="little"/>
    <property name="user.home" value="/Users/asutoshmaharana"/>
    <property name="user.language" value="en"/>
    <property name="java.specification.vendor" value="Oracle Corporation"/>
    <property name="java.version.date" value="2022-01-18"/>
    <property name="java.home" value="/Library/Java/JavaVirtualMachines/jdk-17.0.2.jdk/Contents/Home"/>
    <property name="file.separator" value="/"/>
    <property name="basedir" value="/Users/asutoshmaharana/IdeaProjects/com.asu.defaultAdapter"/>
    <property name="java.vm.compressedOopsMode" value="Zero based"/>
    <property name="line.separator" value="&#10;"/>
    <property name="java.specification.name" value="Java Platform API Specification"/>
    <property name="java.vm.specification.vendor" value="Oracle Corporation"/>
    <property name="surefire.real.class.path" value="/Users/asutoshmaharana/IdeaProjects/com.asu.defaultAdapter/target/surefire/surefirebooter3889979013154955289.jar"/>
    <property name="sun.management.compiler" value="HotSpot 64-Bit Tiered Compilers"/>
    <property name="ftp.nonProxyHosts" value="local|*.local|169.254/16|*.169.254/16"/>
    <property name="java.runtime.version" value="17.0.2+8-LTS-86"/>
    <property name="user.name" value="asutoshmaharana"/>
    <property name="path.separator" value=":"/>
    <property name="os.version" value="12.3.1"/>
    <property name="java.runtime.name" value="Java(TM) SE Runtime Environment"/>
    <property name="file.encoding" value="US-ASCII"/>
    <property name="java.vm.name" value="Java HotSpot(TM) 64-Bit Server VM"/>
    <property name="localRepository" value="/Users/asutoshmaharana/.m2/repository"/>
    <property name="java.vendor.url.bug" value="https://bugreport.java.com/bugreport/"/>
    <property name="java.io.tmpdir" value="/var/folders/1s/2x1bxxs95z386c685hbm20nh0000gn/T/"/>
    <property name="idea.version" value="2021.3.3"/>
    <property name="java.version" value="17.0.2"/>
    <property name="user.dir" value="/Users/asutoshmaharana/IdeaProjects/com.asu.defaultAdapter"/>
    <property name="os.arch" value="aarch64"/>
    <property name="java.vm.specification.name" value="Java Virtual Machine Specification"/>
    <property name="native.encoding" value="US-ASCII"/>
    <property name="java.library.path" value="/Users/asutoshmaharana/Library/Java/Extensions:/Library/Java/Extensions:/Network/Library/Java/Extensions:/System/Library/Java/Extensions:/usr/lib/java:."/>
    <property name="java.vm.info" value="mixed mode, sharing"/>
    <property name="java.vendor" value="Oracle Corporation"/>
    <property name="java.vm.version" value="17.0.2+8-LTS-86"/>
    <property name="sun.io.unicode.encoding" value="UnicodeBig"/>
    <property name="socksNonProxyHosts" value="local|*.local|169.254/16|*.169.254/16"/>
    <property name="java.class.version" value="61.0"/>
  </properties>
  <testcase name="testSample" classname="com.asu.adpaterLearning.defaultComponentComponentTest" time="1.369">
    <system-out><![CDATA[Hello world1 (Consumer) Now it is Sun May 01 15:59:38 IST 2022 (Producer) : HELLO WORLD2
]]></system-out>
    <system-err><![CDATA[log4j:WARN No appenders could be found for logger (com.asu.adpaterLearning.defaultComponentComponentTest).
log4j:WARN Please initialize the log4j system properly.
log4j:WARN See http://logging.apache.org/log4j/1.2/faq.html#noconfig for more info.
]]></system-err>
  </testcase>
</testsuite>